NEB log file generated by ORCA
All quantities are given in atomic units. Unless stated otherwise. 
iteration       : 0
climbing        : yes
zoom on         : no
nim             : 10
barrier         :   0.00401350 (image:  3) 
distance        :   0.00000000    0.19905652    0.39892775    0.59954117    0.80012096    0.99967583    1.20029880    1.40090821    1.60074952    1.79977285 
energy          : -3073.63592674  -3073.63479282  -3073.63291461  -3073.63191325  -3073.63268954  -3073.63552960  -3073.64012155  -3073.64555299  -3073.65042256  -3073.65266106 
max(|Fr_perp|)   :   0.00000000    0.00399010    0.00511089    0.00663317    0.00901234    0.01124504    0.01290450    0.01288046    0.00953101    0.00000000 
Fr_paral         :   0.00000000   -0.00940864   -0.00840509   -0.00112072    0.00933615    0.01950850    0.02651278    0.02776236    0.02038686    0.00000000 
max(|Fsp_paral|) :   0.00000000    0.00538279    0.00305106    0.00000103    0.00246226    0.00878801    0.00123065    0.00000530    0.00000518    0.00000000 
max(|Fsp_perp|)  :   0.00000000    0.00000000    0.00000000    0.00000000    0.00000000    0.00000000    0.00000000    0.00000000    0.00000000    0.00000000 
max(|FNEB|)      :   0.00000000    0.00663482    0.00648532    0.00663885    0.01056303    0.01668774    0.01369894    0.01289942    0.00954526    0.00000000 
max(|Force|)     :   0.00014978    0.00731395    0.00849245    0.00713205    0.00934629    0.01820432    0.02439455    0.02551936    0.01875441    0.00005444 
ksp              :   0.03539918    0.07752513    0.10000000    0.10000000    0.08262712    0.01895500    0.01000000    0.01000000    0.01000000 
max(|step|)      :   0.00000000    0.03975867    0.03886281    0.03978281    0.06329818    0.10000000    0.08208985    0.07729879    0.05719925    0.00000000 
angle (deg.)     :    10.4876  7.7743  6.3889  3.2336  7.2576  8.0085  13.7842  21.2015 
>
iteration       : 1
climbing        : yes
zoom on         : no
nim             : 10
barrier         :   0.00354453 (image:  3) 
distance        :   0.00000000    0.25523547    0.43513686    0.61111668    0.79329136    0.94361722    1.21573049    1.43454757    1.64466888    1.87460627 
energy          : -3073.63592674  -3073.63448953  -3073.63299624  -3073.63238222  -3073.63334119  -3073.63547807  -3073.64157721  -3073.64717116  -3073.65115894  -3073.65266106 
max(|Fr_perp|)   :   0.00000000    0.00380380    0.00564551    0.00641385    0.00672086    0.00783164    0.01055293    0.01095431    0.00841275    0.00000000 
Fr_paral         :   0.00000000   -0.00860517   -0.00619995    0.00025085    0.00972431    0.01767647    0.02508723    0.02314640    0.01286849    0.00000000 
max(|Fsp_paral|) :   0.00000000    0.00218191    0.00170394    0.00044475    0.00501687    0.00409500    0.00256489    0.00005769    0.00011124    0.00000000 
max(|Fsp_perp|)  :   0.00000000    0.00000000    0.00000000    0.00000000    0.00000000    0.00000000    0.00000000    0.00000000    0.00000000    0.00000000 
max(|FNEB|)      :   0.00000000    0.00442679    0.00546001    0.00642769    0.00806679    0.00781439    0.01043799    0.01094759    0.00843749    0.00000000 
max(|Force|)     :   0.00014978    0.00669975    0.00662558    0.00640002    0.00895278    0.01414594    0.01836763    0.01385458    0.01001966    0.00005444 
ksp              :   0.04649271    0.08440913    0.10000000    0.10000000    0.07565041    0.02139241    0.01000000    0.01000000    0.01000000 
max(|step|)      :   0.00000000    0.03505919    0.03347323    0.03695086    0.05918804    0.07710350    0.07277675    0.06521363    0.04649821    0.00010669 
angle (deg.)     :    13.2838  7.8749  6.8694  4.2902  11.3655  10.1493  19.3051  25.5021 
>
iteration       : 2
climbing        : yes
zoom on         : no
nim             : 10
barrier         :   0.00310852 (image:  3) 
distance        :   0.00000000    0.29667083    0.46149071    0.61574761    0.76610522    0.89494800    1.21007364    1.44587010    1.66233015    1.92708220 
energy          : -3073.63592674  -3073.63434699  -3073.63317367  -3073.63281822  -3073.63364762  -3073.63538291  -3073.64266323  -3073.64860943  -3073.65178420  -3073.65266106 
max(|Fr_perp|)   :   0.00000000    0.00298130    0.00384020    0.00435944    0.00422249    0.00429678    0.00578130    0.00672815    0.00520179    0.00000000 
Fr_paral         :   0.00000000   -0.00797015   -0.00505355    0.00115369    0.00946716    0.01678917    0.02670966    0.02147830    0.00845618    0.00000000 
max(|Fsp_paral|) :   0.00000000    0.00120207    0.00046797    0.00028838    0.00396303    0.00126788    0.00409091    0.00012539    0.00029609    0.00000000 
max(|Fsp_perp|)  :   0.00000000    0.00000000    0.00000000    0.00000000    0.00000000    0.00000000    0.00000000    0.00000000    0.00000000    0.00000000 
max(|FNEB|)      :   0.00000000    0.00356152    0.00380578    0.00440095    0.00418658    0.00423349    0.00672432    0.00671434    0.00523759    0.00000000 
max(|Force|)     :   0.00014978    0.00562374    0.00471420    0.00431792    0.00719241    0.01214488    0.01866663    0.01305369    0.00600224    0.00005444 
ksp              :   0.05573810    0.08970882    0.10000000    0.10000000    0.07598668    0.02574544    0.01000000    0.01000000    0.01000000 
max(|step|)      :   0.00000000    0.03342033    0.03976612    0.04799003    0.06159123    0.06280713    0.10000000    0.07930588    0.04120270    0.00031748 
angle (deg.)     :    20.1630  8.6304  2.8749  4.2470  10.5677  16.2661  30.8786  26.2340 
>
iteration       : 3
climbing        : yes
zoom on         : no
nim             : 10
barrier         :   0.00303526 (image:  3) 
distance        :   0.00000000    0.30416743    0.48825099    0.61577729    0.72521657    0.86307717    1.16253491    1.46699801    1.71395649    2.02107776 
energy          : -3073.63592674  -3073.63447318  -3073.63319687  -3073.63289148  -3073.63328956  -3073.63483494  -3073.64156769  -3073.64924754  -3073.65193294  -3073.65266106 
max(|Fr_perp|)   :   0.00000000    0.00840899    0.00865212    0.01139257    0.01298391    0.01193682    0.00873259    0.00535555    0.00443347    0.00000000 
Fr_paral         :   0.00000000   -0.00804145   -0.00499424    0.00061552    0.00673142    0.01505880    0.02713316    0.01891181    0.00477043    0.00000000 
max(|Fsp_paral|) :   0.00000000    0.00039989    0.00292656    0.00134698    0.00091772    0.00043372    0.00717050    0.00038014    0.00041561    0.00000000 
max(|Fsp_perp|)  :   0.00000000    0.00000000    0.00000000    0.00000000    0.00000000    0.00000000    0.00000000    0.00000000    0.00000000    0.00000000 
max(|FNEB|)      :   0.00000000    0.00870257    0.01032981    0.01190303    0.01279077    0.01198583    0.01252342    0.00565109    0.00438779    0.00000000 
max(|Force|)     :   0.00014978    0.00893688    0.01074887    0.01141554    0.01159561    0.01454371    0.02154478    0.01349684    0.00396288    0.00005444 
ksp              :   0.05309750    0.09090657    0.10000000    0.10000000    0.08829202    0.04255814    0.01000000    0.01000000    0.01000000 
max(|step|)      :   0.00000000    0.00919825    0.01091817    0.01258099    0.01351930    0.01266851    0.01323671    0.00597296    0.00463770    0.00000000 
angle (deg.)     :    20.4421  8.1181  3.4475  4.1587  9.1686  15.2537  32.1465  25.4859 
>
